current directory: /Users/vitor/Dropbox/Libraries/Alfred.alfredpreferences/workflows/user.workflow.F87AD34D-A035-4E8C-B4D2-CA27122485F2/_licensed/Redcarpet/gems/redcarpet-3.4.0/ext/redcarpet
/usr/local/opt/ruby/bin/ruby -r ./siteconf20170930-30002-1gzt089.rb extconf.rb
creating Makefile

current directory: /Users/vitor/Dropbox/Libraries/Alfred.alfredpreferences/workflows/user.workflow.F87AD34D-A035-4E8C-B4D2-CA27122485F2/_licensed/Redcarpet/gems/redcarpet-3.4.0/ext/redcarpet
make "DESTDIR=" clean

current directory: /Users/vitor/Dropbox/Libraries/Alfred.alfredpreferences/workflows/user.workflow.F87AD34D-A035-4E8C-B4D2-CA27122485F2/_licensed/Redcarpet/gems/redcarpet-3.4.0/ext/redcarpet
make "DESTDIR="
compiling autolink.c
compiling buffer.c
buffer.c:111:45: warning: passing 'const struct buf *' to parameter of type 'struct buf *' discards qualifiers [-Wincompatible-pointer-types-discards-qualifiers]
        if (buf->size + 1 <= buf->asize || bufgrow(buf, buf->size + 1) == BUF_OK) {
                                                   ^~~
buffer.c:60:21: note: passing argument to parameter 'buf' here
bufgrow(struct buf *buf, size_t neosz)
                    ^
1 warning generated.
compiling houdini_href_e.c
compiling houdini_html_e.c
compiling html.c
html.c:134:4: warning: variable 'cls' is uninitialized when used here [-Wuninitialized]
                        cls++;
                        ^~~
html.c:131:16: note: initialize the variable 'cls' to silence this warning
                size_t i, cls;
                             ^
                              = 0
1 warning generated.
compiling html_smartypants.c
html_smartypants.c:104:39: warning: initializing 'char *' with an expression of type 'const char [2]' discards qualifiers [-Wincompatible-pointer-types-discards-qualifiers]
        static char* single_quote_list[] = { "'", "&#39;", "&#x27;", "&apos;", NULL };
                                             ^~~
html_smartypants.c:104:44: warning: initializing 'char *' with an expression of type 'const char [6]' discards qualifiers [-Wincompatible-pointer-types-discards-qualifiers]
        static char* single_quote_list[] = { "'", "&#39;", "&#x27;", "&apos;", NULL };
                                                  ^~~~~~~
html_smartypants.c:104:53: warning: initializing 'char *' with an expression of type 'const char [7]' discards qualifiers [-Wincompatible-pointer-types-discards-qualifiers]
        static char* single_quote_list[] = { "'", "&#39;", "&#x27;", "&apos;", NULL };
                                                           ^~~~~~~~
html_smartypants.c:104:63: warning: initializing 'char *' with an expression of type 'const char [7]' discards qualifiers [-Wincompatible-pointer-types-discards-qualifiers]
        static char* single_quote_list[] = { "'", "&#39;", "&#x27;", "&apos;", NULL };
                                                                     ^~~~~~~~
html_smartypants.c:145:25: warning: implicit conversion loses integer precision: 'size_t' (aka 'unsigned long') to 'int' [-Wshorten-64-to-32]
                int next_squote_len = squote_len(text+1, size-1);
                    ~~~~~~~~~~~~~~~   ^~~~~~~~~~~~~~~~~~~~~~~~~~
html_smartypants.c:149:30: warning: comparison of integers of different signs: 'size_t' (aka 'unsigned long') and 'int' [-Wsign-compare]
                        uint8_t next_char = (size > 1+next_squote_len) ? text[1+next_squote_len] : 0;
                                             ~~~~ ^ ~~~~~~~~~~~~~~~~~
html_smartypants.c:250:12: warning: implicit conversion loses integer precision: 'size_t' (aka 'unsigned long') to 'int' [-Wshorten-64-to-32]
        int len = squote_len(text, size);
            ~~~   ^~~~~~~~~~~~~~~~~~~~~~
7 warnings generated.
compiling markdown.c
markdown.c:2836:43: warning: passing 'const uint8_t *' (aka 'const unsigned char *') to parameter of type 'uint8_t *' (aka 'unsigned char *') discards qualifiers [-Wincompatible-pointer-types-discards-qualifiers]
                if (codefences_enabled && (is_codefence(document + beg, doc_size - beg, NULL) != 0))
                                                        ^~~~~~~~~~~~~~
markdown.c:1389:23: note: passing argument to parameter 'data' here
is_codefence(uint8_t *data, size_t size, struct buf *syntax)
                      ^
markdown.c:94:15: warning: unused function 'char_underline' [-Wunused-function]
static size_t char_underline(struct buf *ob, struct sd_markdown *rndr, uint8_t *data, size_t offset, size_t size);
              ^
2 warnings generated.
compiling rc_markdown.c
compiling rc_render.c
compiling stack.c
linking shared-object redcarpet.bundle

current directory: /Users/vitor/Dropbox/Libraries/Alfred.alfredpreferences/workflows/user.workflow.F87AD34D-A035-4E8C-B4D2-CA27122485F2/_licensed/Redcarpet/gems/redcarpet-3.4.0/ext/redcarpet
make "DESTDIR=" install
/usr/bin/install -c -m 0755 redcarpet.bundle ./.gem.20170930-30002-12pttu6
